28.01.2010 07:27:13 sql=[select * from tin   limit 0,20] 
28.01.2010 07:27:13 sql=[select count(*) as count from tin ] 
28.01.2010 07:27:30 sql=[select * from tin  where cid=1 limit 0,20] 
28.01.2010 07:27:30 sql=[select count(*) as count from tin where cid=1] 
28.01.2010 07:27:34 sql=[select * from tin  where cid=2 limit 0,20] 
28.01.2010 07:27:34 sql=[select count(*) as count from tin where cid=2] 
28.01.2010 07:27:35 sql=[select * from tin  where cid=3 limit 0,20] 
28.01.2010 07:27:35 sql=[select count(*) as count from tin where cid=3] 
28.01.2010 07:27:42 sql=[select * from tin  where cid=3 limit 0,20] 
28.01.2010 07:27:42 sql=[select count(*) as count from tin where cid=3] 
28.01.2010 07:27:43 sql=[select * from tin  where cid=4 limit 0,20] 
28.01.2010 07:27:43 sql=[select count(*) as count from tin where cid=4] 
28.01.2010 07:28:23 sql=[select * from tin   limit 0,20] 
28.01.2010 07:28:23 sql=[select count(*) as count from tin ] 
28.01.2010 07:29:12 sql=[select * from tin  where cid=1 limit 0,20] 
28.01.2010 07:29:12 sql=[select count(*) as count from tin where cid=1] 
28.01.2010 07:29:15 sql=[select * from tin  where cid=2 limit 0,20] 
28.01.2010 07:29:15 sql=[select count(*) as count from tin where cid=2] 
28.01.2010 07:29:26 sql=[select * from tin  where id=5 ] 
28.01.2010 07:29:52 sql=[select * from tin  where cid=2 limit 0,20] 
28.01.2010 07:29:52 sql=[select count(*) as count from tin where cid=2] 
28.01.2010 07:29:54 sql=[select * from tin  where id=6 ] 
28.01.2010 07:30:05 sql=[select * from tin  where cid=4 limit 0,20] 
28.01.2010 07:30:05 sql=[select count(*) as count from tin where cid=4] 
28.01.2010 07:30:07 sql=[select * from tin  where id=14 ] 
28.01.2010 07:30:09 sql=[select * from tin   limit 0,20] 
28.01.2010 07:30:09 sql=[select count(*) as count from tin ] 
28.01.2010 07:31:12 sql=[select * from tin   limit 0,20] 
28.01.2010 07:31:12 sql=[select count(*) as count from tin ] 
28.01.2010 07:31:15 sql=[select * from tin  where cid=3 limit 0,20] 
28.01.2010 07:31:15 sql=[select count(*) as count from tin where cid=3] 
28.01.2010 07:31:41 sql=[select * from tin  where cid=3 limit 0,20] 
28.01.2010 07:31:41 sql=[select count(*) as count from tin where cid=3] 
28.01.2010 07:31:53 sql=[select * from tin  where cid=4 limit 0,20] 
28.01.2010 07:31:53 sql=[select count(*) as count from tin where cid=4] 
28.01.2010 07:31:55 sql=[select * from tin  where cid=2 limit 0,20] 
28.01.2010 07:31:55 sql=[select count(*) as count from tin where cid=2] 
28.01.2010 07:32:00 sql=[select * from tin  where cid=1 limit 0,20] 
28.01.2010 07:32:00 sql=[select count(*) as count from tin where cid=1] 
28.01.2010 07:32:16 sql=[select * from tin   limit 0,20] 
28.01.2010 07:32:16 sql=[select count(*) as count from tin ] 
28.01.2010 07:32:17 sql=[select * from tin  where cid=1 limit 0,20] 
28.01.2010 07:32:17 sql=[select count(*) as count from tin where cid=1] 
28.01.2010 07:32:17 sql=[select * from tin  where cid=2 limit 0,20] 
28.01.2010 07:32:17 sql=[select count(*) as count from tin where cid=2] 
28.01.2010 07:32:18 sql=[select * from tin  where cid=3 limit 0,20] 
28.01.2010 07:32:18 sql=[select count(*) as count from tin where cid=3] 
28.01.2010 07:32:19 sql=[select * from tin  where cid=4 limit 0,20] 
28.01.2010 07:32:19 sql=[select count(*) as count from tin where cid=4] 
28.01.2010 07:32:28 sql=[select * from tin  where id=13 ] 
28.01.2010 07:32:31 sql=[select * from tin  where id=1 ] 
28.01.2010 07:32:40 sql=[select * from tin  where id=2 ] 
28.01.2010 07:33:20 sql=[select * from tin   limit 0,20] 
28.01.2010 07:33:20 sql=[select count(*) as count from tin ] 
28.01.2010 07:33:21 sql=[select * from tin  where cid=1 limit 0,20] 
28.01.2010 07:33:21 sql=[select count(*) as count from tin where cid=1] 
28.01.2010 07:33:22 sql=[select * from tin  where cid=2 limit 0,20] 
28.01.2010 07:33:22 sql=[select count(*) as count from tin where cid=2] 
28.01.2010 07:33:23 sql=[select * from tin  where cid=3 limit 0,20] 
28.01.2010 07:33:23 sql=[select count(*) as count from tin where cid=3] 
28.01.2010 07:33:24 sql=[select * from tin  where cid=4 limit 0,20] 
28.01.2010 07:33:24 sql=[select count(*) as count from tin where cid=4] 
28.01.2010 07:33:26 sql=[select * from tin  where cid=3 limit 0,20] 
28.01.2010 07:33:26 sql=[select count(*) as count from tin where cid=3] 
28.01.2010 07:33:27 sql=[select * from tin  where id=9 ] 
28.01.2010 07:33:33 sql=[select * from tin  where cid=4 limit 0,20] 
28.01.2010 07:33:33 sql=[select count(*) as count from tin where cid=4] 
28.01.2010 07:33:34 sql=[select * from tin  where cid=2 limit 0,20] 
28.01.2010 07:33:34 sql=[select count(*) as count from tin where cid=2] 
28.01.2010 07:33:35 sql=[select * from tin  where cid=3 limit 0,20] 
28.01.2010 07:33:35 sql=[select count(*) as count from tin where cid=3] 
28.01.2010 07:33:36 sql=[select * from tin  where cid=2 limit 0,20] 
28.01.2010 07:33:36 sql=[select count(*) as count from tin where cid=2] 
28.01.2010 07:33:36 sql=[select * from tin  where cid=1 limit 0,20] 
28.01.2010 07:33:36 sql=[select count(*) as count from tin where cid=1] 
28.01.2010 07:33:37 sql=[select * from tin   limit 0,20] 
28.01.2010 07:33:37 sql=[select count(*) as count from tin ] 
28.01.2010 07:38:03 sql=[select * from tin   limit 0,20] 
28.01.2010 07:38:03 sql=[select count(*) as count from tin ] 
28.01.2010 07:38:26 sql=[select * from tin   limit 0,5] 
28.01.2010 07:38:26 sql=[select count(*) as count from tin ] 
28.01.2010 07:39:22 sql=[select * from tin   limit 0,3] 
28.01.2010 07:39:22 sql=[select count(*) as count from tin ] 
28.01.2010 07:40:02 sql=[select * from tin  where cid=1 limit 0,3] 
28.01.2010 07:40:02 sql=[select count(*) as count from tin where cid=1] 
28.01.2010 07:40:05 sql=[select * from tin  where cid=2 limit 0,3] 
28.01.2010 07:40:05 sql=[select count(*) as count from tin where cid=2] 
28.01.2010 07:40:06 sql=[select * from tin  where cid=3 limit 0,3] 
28.01.2010 07:40:06 sql=[select count(*) as count from tin where cid=3] 
28.01.2010 07:40:07 sql=[select * from tin  where cid=4 limit 0,3] 
28.01.2010 07:40:07 sql=[select count(*) as count from tin where cid=4] 
28.01.2010 07:40:09 sql=[select * from tin  where cid=3 limit 0,3] 
28.01.2010 07:40:09 sql=[select count(*) as count from tin where cid=3] 
28.01.2010 07:40:11 sql=[select * from tin  where cid=2 limit 0,3] 
28.01.2010 07:40:11 sql=[select count(*) as count from tin where cid=2] 
28.01.2010 07:40:17 sql=[select * from tin  where cid=1 limit 0,2] 
28.01.2010 07:40:17 sql=[select count(*) as count from tin where cid=1] 
28.01.2010 07:40:18 sql=[select * from tin  where cid=2 limit 0,2] 
28.01.2010 07:40:18 sql=[select count(*) as count from tin where cid=2] 
28.01.2010 07:40:19 sql=[select * from tin  where cid=3 limit 0,2] 
28.01.2010 07:40:19 sql=[select count(*) as count from tin where cid=3] 
28.01.2010 07:40:20 sql=[select * from tin  where cid=4 limit 0,2] 
28.01.2010 07:40:20 sql=[select count(*) as count from tin where cid=4] 
28.01.2010 07:41:46 sql=[select * from tin  where cid=4 limit 0,2] 
28.01.2010 07:41:46 sql=[select count(*) as count from tin where cid=4] 
28.01.2010 07:42:18 sql=[select * from tin  where cid=4 limit 0,2] 
28.01.2010 07:42:18 sql=[select count(*) as count from tin where cid=4] 
28.01.2010 07:42:30 sql=[select * from tin  where cid=4 limit 0,2] 
28.01.2010 07:42:30 sql=[select count(*) as count from tin where cid=4] 
28.01.2010 07:42:45 sql=[select * from tin  where cid=4 limit 0,2] 
28.01.2010 07:42:45 sql=[select count(*) as count from tin where cid=4] 
28.01.2010 07:43:11 sql=[select * from tin  where cid=4 limit 0,2] 
28.01.2010 07:43:11 sql=[select count(*) as count from tin where cid=4] 
28.01.2010 07:43:56 sql=[select * from tin  where cid=4 limit 0,2] 
28.01.2010 07:43:56 sql=[select count(*) as count from tin where cid=4] 
28.01.2010 07:44:01 sql=[select * from tin   limit 0,2] 
28.01.2010 07:44:01 sql=[select count(*) as count from tin ] 
28.01.2010 07:44:05 sql=[select * from tin  where cid=1 limit 0,2] 
28.01.2010 07:44:05 sql=[select count(*) as count from tin where cid=1] 
28.01.2010 07:44:06 sql=[select * from tin  where cid=2 limit 0,2] 
28.01.2010 07:44:06 sql=[select count(*) as count from tin where cid=2] 
28.01.2010 07:44:08 sql=[select * from tin  where cid=3 limit 0,2] 
28.01.2010 07:44:08 sql=[select count(*) as count from tin where cid=3] 
28.01.2010 07:44:10 sql=[select * from tin  where cid=4 limit 0,2] 
28.01.2010 07:44:10 sql=[select count(*) as count from tin where cid=4] 
28.01.2010 07:44:21 sql=[select * from tin  where cid=4 limit 0,2] 
28.01.2010 07:44:21 sql=[select count(*) as count from tin where cid=4] 
28.01.2010 07:44:25 sql=[select * from tin  where cid=1 limit 0,2] 
28.01.2010 07:44:25 sql=[select count(*) as count from tin where cid=1] 
28.01.2010 07:44:28 sql=[select * from tin  where cid=4 limit 0,2] 
28.01.2010 07:44:28 sql=[select count(*) as count from tin where cid=4] 
28.01.2010 07:44:44 sql=[select * from tin  where cid=4 limit 0,2] 
28.01.2010 07:44:44 sql=[select count(*) as count from tin where cid=4] 
28.01.2010 07:44:46 sql=[select * from tin  where cid=1 limit 0,2] 
28.01.2010 07:44:46 sql=[select count(*) as count from tin where cid=1] 
28.01.2010 07:44:48 sql=[select * from tin  where cid=2 limit 0,2] 
28.01.2010 07:44:48 sql=[select count(*) as count from tin where cid=2] 
28.01.2010 07:44:51 sql=[select * from tin  where cid=4 limit 0,2] 
28.01.2010 07:44:51 sql=[select count(*) as count from tin where cid=4] 
28.01.2010 07:44:52 sql=[select * from tin  where cid=3 limit 0,2] 
28.01.2010 07:44:52 sql=[select count(*) as count from tin where cid=3] 
28.01.2010 07:44:54 sql=[select * from tin  where cid=4 limit 0,2] 
28.01.2010 07:44:55 sql=[select count(*) as count from tin where cid=4] 
28.01.2010 07:44:57 sql=[select * from tin  where cid=4 limit 0,2] 
28.01.2010 07:44:57 sql=[select count(*) as count from tin where cid=4] 
28.01.2010 07:44:59 sql=[select * from tin  where cid=4 limit 0,2] 
28.01.2010 07:44:59 sql=[select count(*) as count from tin where cid=4] 
28.01.2010 07:45:03 sql=[select * from tin  where cid=2 limit 0,2] 
28.01.2010 07:45:03 sql=[select count(*) as count from tin where cid=2] 
28.01.2010 07:45:05 sql=[select * from tin  where cid=4 limit 0,2] 
28.01.2010 07:45:05 sql=[select count(*) as count from tin where cid=4] 
28.01.2010 07:45:48 sql=[select * from tin  where cid=3 limit 0,2] 
28.01.2010 07:45:48 sql=[select count(*) as count from tin where cid=3] 
28.01.2010 07:46:15 sql=[select * from tin  where cid=3 limit 0,2] 
28.01.2010 07:46:15 sql=[select count(*) as count from tin where cid=3] 
28.01.2010 07:46:19 sql=[select * from tin  where cid=4 limit 0,2] 
28.01.2010 07:46:19 sql=[select count(*) as count from tin where cid=4] 
28.01.2010 07:48:50 sql=[select * from tin  where cid=4 limit 0,2] 
28.01.2010 07:48:50 sql=[select count(*) as count from tin where cid=4] 
28.01.2010 07:49:23 sql=[select * from tin  where cid=2 limit 0,2] 
28.01.2010 07:49:23 sql=[select count(*) as count from tin where cid=2] 
28.01.2010 07:49:29 sql=[select * from tin  where cid=2 limit 0,2] 
28.01.2010 07:49:29 sql=[select count(*) as count from tin where cid=2] 
28.01.2010 07:50:41 sql=[select * from tin  where cid=2 limit 0,2] 
28.01.2010 07:50:41 sql=[select count(*) as count from tin where cid=2] 
28.01.2010 07:52:43 sql=[select * from tin   limit 0,2] 
28.01.2010 07:52:43 sql=[select count(*) as count from tin ] 
28.01.2010 07:52:55 sql=[select * from tin   limit 0,2] 
28.01.2010 07:52:55 sql=[select count(*) as count from tin ] 
28.01.2010 07:52:57 sql=[select * from tin   limit 0,2] 
28.01.2010 07:52:57 sql=[select count(*) as count from tin ] 
28.01.2010 07:53:14 sql=[select * from tin   limit 0,2] 
28.01.2010 07:53:14 sql=[select count(*) as count from tin ] 
28.01.2010 07:54:06 sql=[select * from tin   limit 0,2] 
28.01.2010 07:54:06 sql=[select count(*) as count from tin ] 
28.01.2010 07:54:26 sql=[select * from tin   limit 0,2] 
28.01.2010 07:54:26 sql=[select count(*) as count from tin ] 
28.01.2010 07:54:37 sql=[select * from tin   limit 0,2] 
28.01.2010 07:54:37 sql=[select count(*) as count from tin ] 
28.01.2010 07:54:41 sql=[select * from tin   limit 0,2] 
28.01.2010 07:54:41 sql=[select count(*) as count from tin ] 
28.01.2010 07:54:42 sql=[select * from tin   limit 0,2] 
28.01.2010 07:54:42 sql=[select count(*) as count from tin ] 
28.01.2010 07:54:49 sql=[select * from tin  where cid=1 limit 0,2] 
28.01.2010 07:54:49 sql=[select count(*) as count from tin where cid=1] 
28.01.2010 07:55:04 sql=[select * from tin   limit 0,2] 
28.01.2010 07:55:04 sql=[select count(*) as count from tin ] 
28.01.2010 07:55:43 sql=[select * from tin   limit 0,2] 
28.01.2010 07:55:43 sql=[select count(*) as count from tin ] 
28.01.2010 07:55:50 sql=[select * from tin   limit 0,2] 
28.01.2010 07:55:50 sql=[select count(*) as count from tin ] 
28.01.2010 07:55:56 sql=[select * from tin   limit 0,2] 
28.01.2010 07:55:56 sql=[select count(*) as count from tin ] 
28.01.2010 07:57:10 sql=[select * from tin   limit 0,2] 
28.01.2010 07:57:10 sql=[select count(*) as count from tin ] 
28.01.2010 07:57:17 sql=[select * from tin   limit 0,2] 
28.01.2010 07:57:17 sql=[select count(*) as count from tin ] 
28.01.2010 07:58:29 sql=[select * from tin   limit 0,2] 
28.01.2010 07:58:29 sql=[select count(*) as count from tin ] 
28.01.2010 07:58:34 sql=[select * from tin   limit 0,2] 
28.01.2010 07:58:34 sql=[select count(*) as count from tin ] 
28.01.2010 07:58:37 sql=[select * from tin   limit 0,2] 
28.01.2010 07:58:37 sql=[select count(*) as count from tin ] 
28.01.2010 07:58:39 sql=[select * from tin   limit 0,2] 
28.01.2010 07:58:39 sql=[select count(*) as count from tin ] 
28.01.2010 07:58:41 sql=[select * from tin   limit 0,2] 
28.01.2010 07:58:41 sql=[select count(*) as count from tin ] 
28.01.2010 07:58:43 sql=[select * from tin   limit 0,2] 
28.01.2010 07:58:43 sql=[select count(*) as count from tin ] 
28.01.2010 07:58:44 sql=[select * from tin   limit 0,2] 
28.01.2010 07:58:44 sql=[select count(*) as count from tin ] 
28.01.2010 07:58:45 sql=[select * from tin   limit 0,2] 
28.01.2010 07:58:45 sql=[select count(*) as count from tin ] 
28.01.2010 07:58:54 sql=[select * from tin   limit 0,2] 
28.01.2010 07:58:54 sql=[select count(*) as count from tin ] 
28.01.2010 07:58:59 sql=[select * from tin   limit 0,2] 
28.01.2010 07:58:59 sql=[select count(*) as count from tin ] 
28.01.2010 07:59:01 sql=[select * from tin   limit 0,2] 
28.01.2010 07:59:01 sql=[select count(*) as count from tin ] 
28.01.2010 07:59:02 sql=[select * from tin   limit 0,2] 
28.01.2010 07:59:02 sql=[select count(*) as count from tin ] 
28.01.2010 07:59:46 sql=[select * from tin   limit 0,2] 
28.01.2010 07:59:46 sql=[select count(*) as count from tin ] 
28.01.2010 07:59:50 sql=[select * from tin   limit 0,2] 
28.01.2010 07:59:50 sql=[select count(*) as count from tin ] 
28.01.2010 07:59:57 sql=[select * from tin   limit 0,2] 
28.01.2010 07:59:57 sql=[select count(*) as count from tin ] 
28.01.2010 08:00:02 sql=[select * from tin   limit 0,2] 
28.01.2010 08:00:02 sql=[select count(*) as count from tin ] 
28.01.2010 08:00:05 sql=[select * from tin   limit 0,2] 
28.01.2010 08:00:05 sql=[select count(*) as count from tin ] 
28.01.2010 08:00:25 sql=[select * from tin   limit 0,2] 
28.01.2010 08:00:25 sql=[select count(*) as count from tin ] 
28.01.2010 08:00:28 sql=[select * from tin   limit 0,2] 
28.01.2010 08:00:28 sql=[select count(*) as count from tin ] 
28.01.2010 08:00:29 sql=[select * from tin   limit 0,2] 
28.01.2010 08:00:29 sql=[select count(*) as count from tin ] 
28.01.2010 08:00:30 sql=[select * from tin   limit 0,2] 
28.01.2010 08:00:30 sql=[select count(*) as count from tin ] 
28.01.2010 08:00:31 sql=[select * from tin   limit 0,2] 
28.01.2010 08:00:31 sql=[select count(*) as count from tin ] 
28.01.2010 08:00:33 sql=[select * from tin   limit 0,2] 
28.01.2010 08:00:33 sql=[select count(*) as count from tin ] 
28.01.2010 08:00:34 sql=[select * from tin  where cid=1 limit 0,2] 
28.01.2010 08:00:34 sql=[select count(*) as count from tin where cid=1] 
28.01.2010 08:00:37 sql=[select * from tin  where cid=1 limit 0,2] 
28.01.2010 08:00:37 sql=[select count(*) as count from tin where cid=1] 
28.01.2010 08:01:18 sql=[select * from tin  where cid=1 limit 0,2] 
28.01.2010 08:01:18 sql=[select count(*) as count from tin where cid=1] 
28.01.2010 08:01:30 sql=[select * from tin   limit 0,2] 
28.01.2010 08:01:30 sql=[select count(*) as count from tin ] 
28.01.2010 08:01:38 sql=[select * from tin  where cid=4 limit 0,2] 
28.01.2010 08:01:38 sql=[select count(*) as count from tin where cid=4] 
28.01.2010 08:01:45 sql=[select * from tin  where cid=4 limit 0,2] 
28.01.2010 08:01:45 sql=[select count(*) as count from tin where cid=4] 
28.01.2010 08:01:57 sql=[select * from tin  where cid=2 limit 0,2] 
28.01.2010 08:01:57 sql=[select count(*) as count from tin where cid=2] 
28.01.2010 08:04:04 sql=[select * from tin  where cid=2 limit 0,2] 
28.01.2010 08:04:04 sql=[select count(*) as count from tin where cid=2] 
28.01.2010 08:04:26 sql=[select * from tin  where cid=2 limit 0,2] 
28.01.2010 08:04:26 sql=[select count(*) as count from tin where cid=2] 
28.01.2010 08:05:10 sql=[select * from tin  where cid=2 limit 0,2] 
28.01.2010 08:05:10 sql=[select count(*) as count from tin where cid=2] 
28.01.2010 08:06:03 sql=[select * from tin  where cid=2 limit 0,2] 
28.01.2010 08:06:03 sql=[select count(*) as count from tin where cid=2] 
28.01.2010 08:06:06 sql=[select * from tin  where cid=1 limit 0,2] 
28.01.2010 08:06:06 sql=[select count(*) as count from tin where cid=1] 
28.01.2010 08:06:11 sql=[select * from tin   limit 0,2] 
28.01.2010 08:06:11 sql=[select count(*) as count from tin ] 
28.01.2010 08:06:59 sql=[select * from tin   limit 0,2] 
28.01.2010 08:06:59 sql=[select count(*) as count from tin ] 
28.01.2010 08:07:33 sql=[select * from tin   limit 0,2] 
28.01.2010 08:07:33 sql=[select count(*) as count from tin ] 
28.01.2010 08:07:53 sql=[select * from tin   limit 0,2] 
28.01.2010 08:07:53 sql=[select count(*) as count from tin ] 
28.01.2010 08:07:56 sql=[select * from tin  where cid=2 limit 0,2] 
28.01.2010 08:07:56 sql=[select count(*) as count from tin where cid=2] 
28.01.2010 08:08:03 sql=[select * from tin   limit 0,2] 
28.01.2010 08:08:03 sql=[select count(*) as count from tin ] 
28.01.2010 08:08:13 sql=[select * from tin  where cid=1 limit 0,2] 
28.01.2010 08:08:13 sql=[select count(*) as count from tin where cid=1] 
28.01.2010 08:09:40 sql=[select * from tin  where id=1 ] 
28.01.2010 08:10:20 sql=[select * from tin  where id=1 ] 
28.01.2010 08:11:09 sql=[select * from tin  where id=1 ] 
28.01.2010 08:11:30 sql=[select * from tin  where id=1 ] 
28.01.2010 08:20:40 sql=[select * from tin   limit 0,2] 
28.01.2010 08:20:40 sql=[select count(*) as count from tin ] 
