25.03.2013 01:14:47 sql=[select * from mvc_category where id=4] 
25.03.2013 01:14:47 sql=[select * from mvc_product where cid=4] 
25.03.2013 01:14:47 sql=[select * from mvc_category where top > 0] 
25.03.2013 01:14:47 sql=[select * from mvc_category where `left` > 0] 
25.03.2013 01:15:04 sql=[ select * from mvc_product  ] 
25.03.2013 01:15:37 sql=[select * from mvc_category where id=4] 
25.03.2013 01:15:37 sql=[select * from mvc_product where cid=4] 
25.03.2013 01:15:37 sql=[select * from mvc_category where top > 0] 
25.03.2013 01:15:37 sql=[select * from mvc_category where `left` > 0] 
25.03.2013 01:16:02 sql=[select * from mvc_category where id=4] 
25.03.2013 01:16:02 sql=[select * from mvc_product where cid=4] 
25.03.2013 01:16:02 sql=[select * from mvc_category where top > 0] 
25.03.2013 01:16:02 sql=[select * from mvc_category where `left` > 0] 
25.03.2013 01:16:03 sql=[select * from mvc_category where id=4] 
25.03.2013 01:16:03 sql=[select * from mvc_product where cid=4] 
25.03.2013 01:16:03 sql=[select * from mvc_category where top > 0] 
25.03.2013 01:16:03 sql=[select * from mvc_category where `left` > 0] 
25.03.2013 01:16:23 sql=[select * from mvc_category where id=4] 
25.03.2013 01:16:23 sql=[select * from mvc_product where cid=4] 
25.03.2013 01:16:23 sql=[select * from mvc_category where top > 0] 
25.03.2013 01:16:23 sql=[select * from mvc_category where `left` > 0] 
25.03.2013 01:16:36 sql=[select * from mvc_category where id=4] 
25.03.2013 01:16:36 sql=[select * from mvc_product where cid=4] 
25.03.2013 01:16:36 sql=[select * from mvc_category where top > 0] 
25.03.2013 01:16:36 sql=[select * from mvc_category where `left` > 0] 
25.03.2013 01:17:14 sql=[select * from mvc_category where id=4] 
25.03.2013 01:17:14 sql=[select * from mvc_product where cid=4] 
25.03.2013 01:17:14 sql=[select * from mvc_category where top > 0] 
25.03.2013 01:17:14 sql=[select * from mvc_category where `left` > 0] 
25.03.2013 01:17:27 sql=[select * from mvc_category where id=4] 
25.03.2013 01:17:27 sql=[select * from mvc_product where cid=4] 
25.03.2013 01:17:27 sql=[select * from mvc_category where top > 0] 
25.03.2013 01:17:27 sql=[select * from mvc_category where `left` > 0] 
25.03.2013 01:17:59 sql=[select * from mvc_category where id=4] 
25.03.2013 01:17:59 sql=[select * from mvc_product where cid=4] 
25.03.2013 01:17:59 sql=[select * from mvc_category where top > 0] 
25.03.2013 01:17:59 sql=[select * from mvc_category where `left` > 0] 
25.03.2013 01:22:02 sql=[select * from mvc_product  order by top desc limit 4] 
25.03.2013 01:22:02 sql=[select * from mvc_category where pid =0  and top > 0] 
25.03.2013 01:22:02 sql=[select * from mvc_category where pid=4 ] 
25.03.2013 01:22:02 sql=[select * from mvc_category where home > 0] 
25.03.2013 01:22:49 sql=[select * from mvc_product  order by top desc limit 4] 
25.03.2013 01:22:49 sql=[select * from mvc_category where pid =0  and top > 0] 
25.03.2013 01:22:49 sql=[select * from mvc_category where pid=4 ] 
25.03.2013 01:22:49 sql=[select * from mvc_category where pid=7 ] 
25.03.2013 01:22:49 sql=[select * from mvc_category where home > 0] 
25.03.2013 01:22:49 sql=[select * from mvc_product where cid=7 limit 5] 
25.03.2013 01:22:54 sql=[select * from mvc_category where id=4] 
25.03.2013 01:22:54 sql=[select * from mvc_product where cid=4] 
25.03.2013 01:22:54 sql=[select * from mvc_category where top > 0] 
25.03.2013 01:22:54 sql=[select * from mvc_category where `left` > 0] 
25.03.2013 01:23:55 sql=[select * from mvc_product where id=2] 
25.03.2013 01:23:55 sql=[select * from mvc_category where top > 0] 
25.03.2013 01:27:05 sql=[select * from mvc_category where id=4] 
25.03.2013 01:27:05 sql=[select * from mvc_product where cid=4] 
25.03.2013 01:27:05 sql=[select * from mvc_category where top > 0] 
25.03.2013 01:27:05 sql=[select * from mvc_category where `left` > 0] 
25.03.2013 01:29:49 sql=[select * from mvc_category where id=4] 
25.03.2013 01:29:49 sql=[select * from mvc_category where pid=4 ] 
25.03.2013 01:29:49 sql=[select * from mvc_product where cid=4] 
25.03.2013 01:29:49 sql=[select * from mvc_category where top > 0] 
25.03.2013 01:29:49 sql=[select * from mvc_category where `left` > 0] 
25.03.2013 01:30:00 sql=[select * from mvc_category where id=5] 
25.03.2013 01:30:00 sql=[select * from mvc_category where pid=5 ] 
25.03.2013 01:30:00 sql=[select * from mvc_product where cid=5] 
25.03.2013 01:30:00 sql=[select * from mvc_category where top > 0] 
25.03.2013 01:30:00 sql=[select * from mvc_category where `left` > 0] 
25.03.2013 01:31:52 sql=[select * from mvc_category where id=5] 
25.03.2013 01:31:52 sql=[select * from mvc_category where pid=4 ] 
25.03.2013 01:31:52 sql=[select * from mvc_product where cid=5] 
25.03.2013 01:31:52 sql=[select * from mvc_category where top > 0] 
25.03.2013 01:31:52 sql=[select * from mvc_category where `left` > 0] 
25.03.2013 01:45:47 sql=[select * from mvc_category where id=5] 
25.03.2013 01:45:47 sql=[select * from mvc_category where pid=4 ] 
25.03.2013 01:45:47 sql=[select * from mvc_product where cid=5] 
25.03.2013 01:45:47 sql=[select * from mvc_category where top > 0] 
25.03.2013 01:45:47 sql=[select * from mvc_category where `left` > 0] 
25.03.2013 01:45:57 sql=[select * from mvc_product  order by top desc limit 4] 
25.03.2013 01:45:57 sql=[select * from mvc_category where pid =0  and top > 0] 
25.03.2013 01:45:57 sql=[select * from mvc_category where pid=4 ] 
25.03.2013 01:45:57 sql=[select * from mvc_category where pid=7 ] 
25.03.2013 01:45:57 sql=[select * from mvc_category where home > 0] 
25.03.2013 01:45:57 sql=[select * from mvc_product where cid=7 limit 5] 
25.03.2013 01:46:37 sql=[select * from mvc_product  order by top desc limit 4] 
25.03.2013 01:46:37 sql=[select * from mvc_category where pid =0  and top > 0] 
25.03.2013 01:46:37 sql=[select * from mvc_category where pid=4 ] 
25.03.2013 01:46:37 sql=[select * from mvc_category where pid=7 ] 
25.03.2013 01:46:37 sql=[select * from mvc_category where home > 0] 
25.03.2013 01:46:37 sql=[select * from mvc_product where cid=7 limit 5] 
25.03.2013 01:47:57 sql=[select * from mvc_product where id in (3)] 
25.03.2013 01:47:57 sql=[select * from mvc_category where pid =0  and top > 0] 
25.03.2013 01:47:57 sql=[select * from mvc_category where pid=4 ] 
25.03.2013 01:47:57 sql=[select * from mvc_category where pid=7 ] 
25.03.2013 01:48:15 sql=[select * from mvc_product where id in (3)] 
25.03.2013 01:48:30 sql=[select * from mvc_product where id in (3)] 
25.03.2013 01:48:30 sql=[select * from mvc_category where pid =0  and top > 0] 
25.03.2013 01:48:30 sql=[select * from mvc_category where pid=4 ] 
25.03.2013 01:48:30 sql=[select * from mvc_category where pid=7 ] 
25.03.2013 01:48:40 sql=[select * from mvc_product  order by top desc limit 4] 
25.03.2013 01:48:40 sql=[select * from mvc_category where pid =0  and top > 0] 
25.03.2013 01:48:40 sql=[select * from mvc_category where pid=4 ] 
25.03.2013 01:48:40 sql=[select * from mvc_category where pid=7 ] 
25.03.2013 01:48:40 sql=[select * from mvc_category where home > 0] 
25.03.2013 01:48:40 sql=[select * from mvc_product where cid=7 limit 5] 
25.03.2013 01:48:50 sql=[select * from mvc_product where id in (3,4)] 
25.03.2013 01:48:50 sql=[select * from mvc_category where pid =0  and top > 0] 
25.03.2013 01:48:50 sql=[select * from mvc_category where pid=4 ] 
25.03.2013 01:48:50 sql=[select * from mvc_category where pid=7 ] 
25.03.2013 01:48:56 sql=[select * from mvc_product where id in (3,4)] 
25.03.2013 01:48:56 sql=[select * from mvc_category where pid =0  and top > 0] 
25.03.2013 01:48:56 sql=[select * from mvc_category where pid=4 ] 
25.03.2013 01:48:56 sql=[select * from mvc_category where pid=7 ] 
25.03.2013 01:49:36 sql=[select * from mvc_product where id in (3,4)] 
25.03.2013 01:49:36 sql=[select * from mvc_category where pid =0  and top > 0] 
25.03.2013 01:49:37 sql=[select * from mvc_category where pid=4 ] 
25.03.2013 01:49:37 sql=[select * from mvc_category where pid=7 ] 
25.03.2013 01:50:13 sql=[select * from mvc_product where id in (4)] 
25.03.2013 01:50:13 sql=[select * from mvc_category where pid =0  and top > 0] 
25.03.2013 01:50:13 sql=[select * from mvc_category where pid=4 ] 
25.03.2013 01:50:13 sql=[select * from mvc_category where pid=7 ] 
25.03.2013 01:50:19 sql=[select * from mvc_category where pid =0  and top > 0] 
25.03.2013 01:50:19 sql=[select * from mvc_category where pid=4 ] 
25.03.2013 01:50:19 sql=[select * from mvc_category where pid=7 ] 
25.03.2013 01:50:59 sql=[select * from mvc_product  order by top desc limit 4] 
25.03.2013 01:50:59 sql=[select * from mvc_category where pid =0  and top > 0] 
25.03.2013 01:51:00 sql=[select * from mvc_category where pid=4 ] 
25.03.2013 01:51:00 sql=[select * from mvc_category where pid=7 ] 
25.03.2013 01:51:00 sql=[select * from mvc_category where home > 0] 
25.03.2013 01:51:00 sql=[select * from mvc_product where cid=7 limit 5] 
25.03.2013 01:51:08 sql=[select * from mvc_product where id in (3)] 
25.03.2013 01:51:08 sql=[select * from mvc_category where pid =0  and top > 0] 
25.03.2013 01:51:08 sql=[select * from mvc_category where pid=4 ] 
25.03.2013 01:51:08 sql=[select * from mvc_category where pid=7 ] 
25.03.2013 01:51:10 sql=[select * from mvc_category where pid =0  and top > 0] 
25.03.2013 01:51:10 sql=[select * from mvc_category where pid=4 ] 
25.03.2013 01:51:10 sql=[select * from mvc_category where pid=7 ] 
25.03.2013 01:51:17 sql=[select * from mvc_product  order by top desc limit 4] 
25.03.2013 01:51:17 sql=[select * from mvc_category where pid =0  and top > 0] 
25.03.2013 01:51:17 sql=[select * from mvc_category where pid=4 ] 
25.03.2013 01:51:17 sql=[select * from mvc_category where pid=7 ] 
25.03.2013 01:51:17 sql=[select * from mvc_category where home > 0] 
25.03.2013 01:51:17 sql=[select * from mvc_product where cid=7 limit 5] 
25.03.2013 01:51:19 sql=[select * from mvc_product where id in (3)] 
25.03.2013 01:51:19 sql=[select * from mvc_category where pid =0  and top > 0] 
25.03.2013 01:51:19 sql=[select * from mvc_category where pid=4 ] 
25.03.2013 01:51:19 sql=[select * from mvc_category where pid=7 ] 
25.03.2013 01:51:21 sql=[select * from mvc_product  order by top desc limit 4] 
25.03.2013 01:51:21 sql=[select * from mvc_category where pid =0  and top > 0] 
25.03.2013 01:51:21 sql=[select * from mvc_category where pid=4 ] 
25.03.2013 01:51:21 sql=[select * from mvc_category where pid=7 ] 
25.03.2013 01:51:21 sql=[select * from mvc_category where home > 0] 
25.03.2013 01:51:21 sql=[select * from mvc_product where cid=7 limit 5] 
25.03.2013 01:51:22 sql=[select * from mvc_product where id in (3,4)] 
25.03.2013 01:51:22 sql=[select * from mvc_category where pid =0  and top > 0] 
25.03.2013 01:51:22 sql=[select * from mvc_category where pid=4 ] 
25.03.2013 01:51:22 sql=[select * from mvc_category where pid=7 ] 
25.03.2013 01:56:14 sql=[select * from mvc_category where id=4] 
25.03.2013 01:56:14 sql=[select * from mvc_category where pid=4 ] 
25.03.2013 01:56:14 sql=[select * from mvc_product where cid=4] 
25.03.2013 01:56:15 sql=[select * from mvc_category where top > 0] 
25.03.2013 01:56:15 sql=[select * from mvc_category where `left` > 0] 
25.03.2013 02:00:29 sql=[select * from mvc_category where id=4] 
25.03.2013 02:00:29 sql=[select * from mvc_category where pid=4 ] 
25.03.2013 02:00:34 sql=[select * from mvc_category where id=4] 
25.03.2013 02:00:34 sql=[select * from mvc_category where pid=4 ] 
25.03.2013 02:02:50 sql=[select * from mvc_category where id=4] 
25.03.2013 02:02:50 sql=[select * from mvc_category where pid=4 ] 
25.03.2013 02:02:50 sql=[select * from mvc_product where cid=4 limit 0, 1] 
25.03.2013 02:02:50 sql=[select count(*) as count from mvc_product where cid=4] 
25.03.2013 02:04:45 sql=[select * from mvc_category where id=4] 
25.03.2013 02:04:45 sql=[select * from mvc_category where pid=4 ] 
25.03.2013 02:04:45 sql=[select * from mvc_product where cid=4 limit 0, 1] 
25.03.2013 02:04:45 sql=[select count(*) as count from mvc_product where cid=4] 
25.03.2013 02:04:55 sql=[select * from mvc_category where id=4] 
25.03.2013 02:04:55 sql=[select * from mvc_category where pid=4 ] 
25.03.2013 02:04:55 sql=[select * from mvc_product where cid=4 limit 0, 1] 
25.03.2013 02:04:55 sql=[select count(*) as count from mvc_product where cid=4] 
25.03.2013 02:04:55 sql=[select * from mvc_category where top > 0] 
25.03.2013 02:04:55 sql=[select * from mvc_category where `left` > 0] 
25.03.2013 02:05:02 sql=[select * from mvc_category where id=4] 
25.03.2013 02:05:02 sql=[select * from mvc_category where pid=4 ] 
25.03.2013 02:05:02 sql=[select * from mvc_product where cid=4 limit 1, 1] 
25.03.2013 02:05:02 sql=[select count(*) as count from mvc_product where cid=4] 
25.03.2013 02:05:02 sql=[select * from mvc_category where top > 0] 
25.03.2013 02:05:02 sql=[select * from mvc_category where `left` > 0] 
25.03.2013 02:05:04 sql=[select * from mvc_category where id=4] 
25.03.2013 02:05:04 sql=[select * from mvc_category where pid=4 ] 
25.03.2013 02:05:04 sql=[select * from mvc_product where cid=4 limit 2, 1] 
25.03.2013 02:05:04 sql=[select count(*) as count from mvc_product where cid=4] 
25.03.2013 02:05:04 sql=[select * from mvc_category where top > 0] 
25.03.2013 02:05:04 sql=[select * from mvc_category where `left` > 0] 
25.03.2013 02:05:05 sql=[select * from mvc_category where id=4] 
25.03.2013 02:05:06 sql=[select * from mvc_category where pid=4 ] 
25.03.2013 02:05:06 sql=[select * from mvc_product where cid=4 limit 0, 1] 
25.03.2013 02:05:06 sql=[select count(*) as count from mvc_product where cid=4] 
25.03.2013 02:05:06 sql=[select * from mvc_category where top > 0] 
25.03.2013 02:05:06 sql=[select * from mvc_category where `left` > 0] 
25.03.2013 02:05:22 sql=[select * from mvc_category where id=4] 
25.03.2013 02:05:22 sql=[select * from mvc_category where pid=4 ] 
25.03.2013 02:05:22 sql=[select * from mvc_product where cid=4 limit 0, 2] 
25.03.2013 02:05:22 sql=[select count(*) as count from mvc_product where cid=4] 
25.03.2013 02:05:22 sql=[select * from mvc_category where top > 0] 
25.03.2013 02:05:22 sql=[select * from mvc_category where `left` > 0] 
25.03.2013 02:05:25 sql=[select * from mvc_category where id=4] 
25.03.2013 02:05:25 sql=[select * from mvc_category where pid=4 ] 
25.03.2013 02:05:26 sql=[select * from mvc_product where cid=4 limit 2, 2] 
25.03.2013 02:05:26 sql=[select count(*) as count from mvc_product where cid=4] 
25.03.2013 02:05:26 sql=[select * from mvc_category where top > 0] 
25.03.2013 02:05:26 sql=[select * from mvc_category where `left` > 0] 
25.03.2013 02:05:30 sql=[select * from mvc_category where id=4] 
25.03.2013 02:05:30 sql=[select * from mvc_category where pid=4 ] 
25.03.2013 02:05:30 sql=[select * from mvc_product where cid=4 limit 0, 2] 
25.03.2013 02:05:30 sql=[select count(*) as count from mvc_product where cid=4] 
25.03.2013 02:05:30 sql=[select * from mvc_category where top > 0] 
25.03.2013 02:05:30 sql=[select * from mvc_category where `left` > 0] 
25.03.2013 02:05:41 sql=[select * from mvc_category where id=4] 
25.03.2013 02:05:41 sql=[select * from mvc_category where pid=4 ] 
25.03.2013 02:05:41 sql=[select * from mvc_product where cid=4 limit 0, 3] 
25.03.2013 02:05:41 sql=[select count(*) as count from mvc_product where cid=4] 
25.03.2013 02:05:41 sql=[select * from mvc_category where top > 0] 
25.03.2013 02:05:41 sql=[select * from mvc_category where `left` > 0] 
25.03.2013 02:06:02 sql=[select * from mvc_category where id=4] 
25.03.2013 02:06:02 sql=[select * from mvc_category where pid=4 ] 
25.03.2013 02:06:02 sql=[select * from mvc_product where cid=4 limit 0, 1] 
25.03.2013 02:06:02 sql=[select count(*) as count from mvc_product where cid=4] 
25.03.2013 02:06:02 sql=[select * from mvc_category where top > 0] 
25.03.2013 02:06:02 sql=[select * from mvc_category where `left` > 0] 
